<?xml version="1.0" encoding="UTF-8"?>
<testng-results ignored="0" total="1" passed="1" failed="0" skipped="0">
  <reporter-output>
    <line>
      <![CDATA[Logout is done]]>
    </line>
  </reporter-output>
  <suite started-at="2025-07-28T10:15:00 IST" name="Default suite" finished-at="2025-07-28T10:17:24 IST" duration-ms="143934">
    <groups>
    </groups>
    <test started-at="2025-07-28T10:15:00 IST" name="Default test" finished-at="2025-07-28T10:17:24 IST" duration-ms="143934">
      <class name="producttest.Example1Test">
        <test-method is-config="true" signature="browserSetup()[pri:0, instance:producttest.Example1Test@7c6908d7]" started-at="2025-07-28T10:15:00 IST" name="browserSetup" finished-at="2025-07-28T10:16:44 IST" duration-ms="103556" status="PASS">
          <reporter-output>
          </reporter-output>
        </test-method> <!-- browserSetup -->
        <test-method is-config="true" signature="LogIn()[pri:0, instance:producttest.Example1Test@7c6908d7]" started-at="2025-07-28T10:16:47 IST" name="LogIn" finished-at="2025-07-28T10:16:49 IST" duration-ms="2394" status="PASS">
          <reporter-output>
          </reporter-output>
        </test-method> <!-- LogIn -->
        <test-method signature="Detail(java.lang.String,java.lang.String,java.lang.String)[pri:0, instance:producttest.Example1Test@7c6908d7]" started-at="2025-07-28T10:16:49 IST" name="Detail" data-provider="checkoutInfo" finished-at="2025-07-28T10:16:54 IST" duration-ms="4706" status="PASS">
          <params>
            <param index="0">
              <value>
                <![CDATA[Katam]]>
              </value>
            </param>
            <param index="1">
              <value>
                <![CDATA[Akhila]]>
              </value>
            </param>
            <param index="2">
              <value>
                <![CDATA[ 505211]]>
              </value>
            </param>
          </params>
          <reporter-output>
          </reporter-output>
        </test-method> <!-- Detail -->
        <test-method is-config="true" signature="Logout()[pri:0, instance:producttest.Example1Test@7c6908d7]" started-at="2025-07-28T10:16:54 IST" name="Logout" finished-at="2025-07-28T10:17:13 IST" duration-ms="19389" status="PASS">
          <reporter-output>
            <line>
              <![CDATA[Logout is done]]>
            </line>
          </reporter-output>
        </test-method> <!-- Logout -->
        <test-method is-config="true" signature="browserTerminate()[pri:0, instance:producttest.Example1Test@7c6908d7]" started-at="2025-07-28T10:17:13 IST" name="browserTerminate" finished-at="2025-07-28T10:17:24 IST" duration-ms="11247" status="PASS">
          <reporter-output>
          </reporter-output>
        </test-method> <!-- browserTerminate -->
      </class> <!-- producttest.Example1Test -->
    </test> <!-- Default test -->
  </suite> <!-- Default suite -->
</testng-results>
