<?xml version="1.0" encoding="UTF-8"?>
<testng-results ignored="0" total="1" passed="1" failed="0" skipped="0">
  <reporter-output>
    <line>
      <![CDATA[Browser setup successful]]>
    </line>
    <line>
      <![CDATA[Application Login successful]]>
    </line>
    <line>
      <![CDATA[Application log out successful]]>
    </line>
    <line>
      <![CDATA[Browser Termination successful]]>
    </line>
  </reporter-output>
  <suite started-at="2025-07-31T16:18:51 IST" name="RegressionSuite" finished-at="2025-07-31T16:19:23 IST" duration-ms="31829">
    <groups>
    </groups>
    <test started-at="2025-07-31T16:18:51 IST" name="Test" finished-at="2025-07-31T16:19:23 IST" duration-ms="31829">
      <class name="producttest.Example1Test">
        <test-method is-config="true" signature="ReportSetup()[pri:0, instance:producttest.Example1Test@40005471]" started-at="2025-07-31T16:18:51 IST" name="ReportSetup" finished-at="2025-07-31T16:18:51 IST" duration-ms="302" status="PASS">
          <reporter-output>
          </reporter-output>
        </test-method> <!-- ReportSetup -->
        <test-method is-config="true" signature="browserSetup(java.lang.String)[pri:0, instance:producttest.Example1Test@40005471]" started-at="2025-07-31T16:18:51 IST" name="browserSetup" finished-at="2025-07-31T16:19:15 IST" duration-ms="23619" status="PASS">
          <params>
            <param index="0">
              <value>
                <![CDATA[chrome]]>
              </value>
            </param>
          </params>
          <reporter-output>
            <line>
              <![CDATA[Browser setup successful]]>
            </line>
          </reporter-output>
        </test-method> <!-- browserSetup -->
        <test-method is-config="true" signature="login()[pri:0, instance:producttest.Example1Test@40005471]" started-at="2025-07-31T16:19:16 IST" name="login" finished-at="2025-07-31T16:19:19 IST" duration-ms="2512" status="PASS">
          <reporter-output>
            <line>
              <![CDATA[Application Login successful]]>
            </line>
          </reporter-output>
        </test-method> <!-- login -->
        <test-method signature="Verify_If_User_Is_Able_To_Order_3_Products(java.lang.String,java.lang.String,java.lang.String)[pri:1, instance:producttest.Example1Test@40005471]" started-at="2025-07-31T16:19:19 IST" name="Verify_If_User_Is_Able_To_Order_3_Products" data-provider="checkOutInfo" finished-at="2025-07-31T16:19:20 IST" duration-ms="1783" status="PASS">
          <params>
            <param index="0">
              <value>
                <![CDATA[Katam]]>
              </value>
            </param>
            <param index="1">
              <value>
                <![CDATA[Akhila]]>
              </value>
            </param>
            <param index="2">
              <value>
                <![CDATA[ 505211]]>
              </value>
            </param>
          </params>
          <reporter-output>
          </reporter-output>
        </test-method> <!-- Verify_If_User_Is_Able_To_Order_3_Products -->
        <test-method is-config="true" signature="logout()[pri:0, instance:producttest.Example1Test@40005471]" started-at="2025-07-31T16:19:20 IST" name="logout" finished-at="2025-07-31T16:19:22 IST" duration-ms="1482" status="PASS">
          <reporter-output>
            <line>
              <![CDATA[Application log out successful]]>
            </line>
          </reporter-output>
        </test-method> <!-- logout -->
        <test-method is-config="true" signature="browserterminate()[pri:0, instance:producttest.Example1Test@40005471]" started-at="2025-07-31T16:19:22 IST" name="browserterminate" finished-at="2025-07-31T16:19:22 IST" duration-ms="636" status="PASS">
          <reporter-output>
            <line>
              <![CDATA[Browser Termination successful]]>
            </line>
          </reporter-output>
        </test-method> <!-- browserterminate -->
        <test-method is-config="true" signature="ReportTerminate()[pri:0, instance:producttest.Example1Test@40005471]" started-at="2025-07-31T16:19:22 IST" name="ReportTerminate" finished-at="2025-07-31T16:19:23 IST" duration-ms="500" status="PASS">
          <reporter-output>
          </reporter-output>
        </test-method> <!-- ReportTerminate -->
      </class> <!-- producttest.Example1Test -->
    </test> <!-- Test -->
  </suite> <!-- RegressionSuite -->
</testng-results>
